coverage:
  all_nodes: 0
  covered_nodes: 0
mutation_score: 68.42105263157895
mutations:
- exception_traceback: "Traceback (most recent call last):\n  File \"/home/dylan/pet_projects/Basic_mathematics/BasicMathTest.py\"\
    , line 19, in testing_adding_skeleton\n    self.assertEqual(a, b)\nAssertionError:\
    \ -2 != 6\n"
  killer: testing_adding_skeleton (BasicMathTest.TestingAdding)
  module: &id001 !!python/module:basic_math ''
  mutations:
  - lineno: 12
    operator: AOR
  number: 1
  status: killed
  tests_run: 1
  time: 0.005536556243896484
- exception_traceback: "Traceback (most recent call last):\n  File \"/home/dylan/pet_projects/Basic_mathematics/BasicMathTest.py\"\
    , line 37, in testing_division_skeleton\n    self.assertEqual(a, b)\nAssertionError:\
    \ None != 2\n"
  killer: testing_division_skeleton (BasicMathTest.TestingDivision)
  module: *id001
  mutations:
  - lineno: 24
    operator: AOR
  number: 2
  status: killed
  tests_run: 3
  time: 0.005957841873168945
- exception_traceback: "Traceback (most recent call last):\n  File \"/home/dylan/pet_projects/Basic_mathematics/BasicMathTest.py\"\
    , line 37, in testing_division_skeleton\n    self.assertEqual(a, b)\nAssertionError:\
    \ 0 != 2\n"
  killer: testing_division_skeleton (BasicMathTest.TestingDivision)
  module: *id001
  mutations:
  - lineno: 84
    operator: COI
  number: 3
  status: killed
  tests_run: 3
  time: 0.005446672439575195
- exception_traceback: "Traceback (most recent call last):\n  File \"/home/dylan/pet_projects/Basic_mathematics/BasicMathTest.py\"\
    , line 46, in testing_remainder_skeleton\n    self.assertEqual(a, b)\nAssertionError:\
    \ 5 != 1\n"
  killer: testing_remainder_skeleton (BasicMathTest.TestingRemainder)
  module: *id001
  mutations:
  - lineno: 100
    operator: COI
  number: 4
  status: killed
  tests_run: 5
  time: 0.005816459655761719
- exception_traceback: "Traceback (most recent call last):\n  File \"/home/dylan/pet_projects/Basic_mathematics/BasicMathTest.py\"\
    , line 64, in testing_root_skeleton\n    self.assertEqual(a, b)\nAssertionError:\
    \ -1 != 3\n"
  killer: testing_root_skeleton (BasicMathTest.TestingRoot)
  module: *id001
  mutations:
  - lineno: 130
    operator: COI
  number: 5
  status: killed
  tests_run: 6
  time: 0.006073951721191406
- exception_traceback: "Traceback (most recent call last):\n  File \"/home/dylan/pet_projects/Basic_mathematics/BasicMathTest.py\"\
    , line 19, in testing_adding_skeleton\n    self.assertEqual(a, b)\nAssertionError:\
    \ 10 != 6\n"
  killer: testing_adding_skeleton (BasicMathTest.TestingAdding)
  module: *id001
  mutations:
  - lineno: 12
    operator: CRP
  number: 6
  status: killed
  tests_run: 1
  time: 0.006414651870727539
- exception_traceback: "Traceback (most recent call last):\n  File \"/home/dylan/pet_projects/Basic_mathematics/BasicMathTest.py\"\
    , line 37, in testing_division_skeleton\n    self.assertEqual(a, b)\nAssertionError:\
    \ 1 != 2\n"
  killer: testing_division_skeleton (BasicMathTest.TestingDivision)
  module: *id001
  mutations:
  - lineno: 24
    operator: CRP
  number: 7
  status: killed
  tests_run: 3
  time: 0.00845479965209961
- exception_traceback: "Traceback (most recent call last):\n  File \"/home/dylan/pet_projects/Basic_mathematics/BasicMathTest.py\"\
    , line 55, in testing_power_skeleton\n    self.assertEqual(a, b)\nAssertionError:\
    \ 156 != 125\n"
  killer: testing_power_skeleton (BasicMathTest.TestingPower)
  module: *id001
  mutations:
  - lineno: 67
    operator: CRP
  number: 8
  status: killed
  tests_run: 4
  time: 0.007530927658081055
- exception_traceback: null
  killer: null
  module: *id001
  mutations:
  - lineno: 84
    operator: CRP
  number: 9
  status: survived
  tests_run: 7
  time: 0.007255077362060547
- exception_traceback: null
  killer: null
  module: *id001
  mutations:
  - lineno: 100
    operator: CRP
  number: 10
  status: survived
  tests_run: 7
  time: 0.005713224411010742
- exception_traceback: "Traceback (most recent call last):\n  File \"/home/dylan/pet_projects/Basic_mathematics/BasicMathTest.py\"\
    , line 55, in testing_power_skeleton\n    self.assertEqual(a, b)\nAssertionError:\
    \ 250 != 125\n"
  killer: testing_power_skeleton (BasicMathTest.TestingPower)
  module: *id001
  mutations:
  - lineno: 114
    operator: CRP
  number: 11
  status: killed
  tests_run: 4
  time: 0.006604909896850586
- exception_traceback: "Traceback (most recent call last):\n  File \"/home/dylan/pet_projects/Basic_mathematics/BasicMathTest.py\"\
    , line 64, in testing_root_skeleton\n    self.assertEqual(a, b)\nAssertionError:\
    \ 2 != 3\n"
  killer: testing_root_skeleton (BasicMathTest.TestingRoot)
  module: *id001
  mutations:
  - lineno: 131
    operator: CRP
  number: 12
  status: killed
  tests_run: 6
  time: 0.00665593147277832
- exception_traceback: null
  killer: null
  module: *id001
  mutations:
  - lineno: 158
    operator: CRP
  number: 13
  status: survived
  tests_run: 7
  time: 0.00664210319519043
- exception_traceback: "Traceback (most recent call last):\n  File \"/home/dylan/pet_projects/Basic_mathematics/BasicMathTest.py\"\
    , line 37, in testing_division_skeleton\n    self.assertEqual(a, b)\nAssertionError:\
    \ 0 != 2\n"
  killer: testing_division_skeleton (BasicMathTest.TestingDivision)
  module: *id001
  mutations:
  - lineno: 84
    operator: ROR
  number: 14
  status: killed
  tests_run: 3
  time: 0.00555419921875
- exception_traceback: null
  killer: null
  module: *id001
  mutations:
  - lineno: 84
    operator: ROR
  number: 15
  status: survived
  tests_run: 7
  time: 0.006640434265136719
- exception_traceback: "Traceback (most recent call last):\n  File \"/home/dylan/pet_projects/Basic_mathematics/BasicMathTest.py\"\
    , line 46, in testing_remainder_skeleton\n    self.assertEqual(a, b)\nAssertionError:\
    \ 5 != 1\n"
  killer: testing_remainder_skeleton (BasicMathTest.TestingRemainder)
  module: *id001
  mutations:
  - lineno: 100
    operator: ROR
  number: 16
  status: killed
  tests_run: 5
  time: 0.006140947341918945
- exception_traceback: null
  killer: null
  module: *id001
  mutations:
  - lineno: 100
    operator: ROR
  number: 17
  status: survived
  tests_run: 7
  time: 0.0063626766204833984
- exception_traceback: "Traceback (most recent call last):\n  File \"/home/dylan/pet_projects/Basic_mathematics/BasicMathTest.py\"\
    , line 64, in testing_root_skeleton\n    self.assertEqual(a, b)\nAssertionError:\
    \ -1 != 3\n"
  killer: testing_root_skeleton (BasicMathTest.TestingRoot)
  module: *id001
  mutations:
  - lineno: 130
    operator: ROR
  number: 18
  status: killed
  tests_run: 6
  time: 0.0067408084869384766
- exception_traceback: null
  killer: null
  module: *id001
  mutations:
  - lineno: 130
    operator: ROR
  number: 19
  status: survived
  tests_run: 7
  time: 0.006253957748413086
number_of_tests: 7
targets:
- basic_math.py
tests:
- name: BasicMathTest
  target: null
  time: 0.0005288124084472656
time_stats:
  create_mutant_module: 0.010432720184326172
  create_target_ast: 0.0026941299438476562
  mutate_module: 0.4146890640258789
  run_tests_with_mutant: 0.16060876846313477
total_time: 0.41678357124328613
